\BOOKMARK [0][]{chapter.1}{Remerciements}{}% 1
\BOOKMARK [0][]{chapter.2}{Introduction}{}% 2
\BOOKMARK [1][]{section.2.1}{Objectifs du rapport}{chapter.2}% 3
\BOOKMARK [1][]{section.2.2}{Contexte d'entreprise}{chapter.2}% 4
\BOOKMARK [1][]{section.2.3}{L'\351quipe, r\364le et enjeux}{chapter.2}% 5
\BOOKMARK [1][]{section.2.4}{Bilan de l'ann\351e 2}{chapter.2}% 6
\BOOKMARK [1][]{section.2.5}{Objectifs et souhaits}{chapter.2}% 7
\BOOKMARK [0][]{chapter.3}{Activit\351s r\351alis\351es}{}% 8
\BOOKMARK [1][]{section.3.1}{Maintenance op\351rationnelle}{chapter.3}% 9
\BOOKMARK [2][]{subsection.3.1.1}{Support client}{section.3.1}% 10
\BOOKMARK [2][]{subsection.3.1.2}{Remplacement d'\351quipements en fin de vie}{section.3.1}% 11
\BOOKMARK [2][]{subsection.3.1.3}{Diagnostic pont Wifi}{section.3.1}% 12
\BOOKMARK [2][]{subsection.3.1.4}{Recul sur le run}{section.3.1}% 13
\BOOKMARK [1][]{section.3.2}{S\351curisation du r\351seau}{chapter.3}% 14
\BOOKMARK [2][]{subsection.3.2.1}{Enjeux}{section.3.2}% 15
\BOOKMARK [2][]{subsection.3.2.2}{Cisco ACS}{section.3.2}% 16
\BOOKMARK [2][]{subsection.3.2.3}{Projet Common ACS}{section.3.2}% 17
\BOOKMARK [2][]{subsection.3.2.4}{Projet 802.1X}{section.3.2}% 18
\BOOKMARK [2][]{subsection.3.2.5}{R\351sultats}{section.3.2}% 19
\BOOKMARK [1][]{section.3.3}{Supervision et gestion des \351quipements}{chapter.3}% 20
\BOOKMARK [2][]{subsection.3.3.1}{Objectifs et enjeux}{section.3.3}% 21
\BOOKMARK [2][]{subsection.3.3.2}{\311tude de diff\351rents outils}{section.3.3}% 22
\BOOKMARK [2][]{subsection.3.3.3}{R\351sultats}{section.3.3}% 23
\BOOKMARK [2][]{subsection.3.3.4}{Rapports de performance}{section.3.3}% 24
\BOOKMARK [2][]{subsection.3.3.5}{Automatisation des t\342ches}{section.3.3}% 25
\BOOKMARK [1][]{section.3.4}{Architectures WiFi contr\364l\351es}{chapter.3}% 26
\BOOKMARK [2][]{subsection.3.4.1}{D\351finition, contexte et objectifs}{section.3.4}% 27
\BOOKMARK [2][]{subsection.3.4.2}{Pr\351paration du contr\364leur}{section.3.4}% 28
\BOOKMARK [2][]{subsection.3.4.3}{Architecture contr\364l\351e FlexConnect}{section.3.4}% 29
\BOOKMARK [2][]{subsection.3.4.4}{Pont WiFi}{section.3.4}% 30
\BOOKMARK [1][]{section.3.5}{Projets et missions transverses}{chapter.3}% 31
\BOOKMARK [2][]{subsection.3.5.1}{D\351finition, objectifs et enjeux}{section.3.5}% 32
\BOOKMARK [2][]{subsection.3.5.2}{Mise \340 jour des loadbalancers F5}{section.3.5}% 33
\BOOKMARK [2][]{subsection.3.5.3}{Suppression des firewalls PaloAlto}{section.3.5}% 34
\BOOKMARK [2][]{subsection.3.5.4}{Projet DataCenter revamping}{section.3.5}% 35
\BOOKMARK [2][]{subsection.3.5.5}{Architecture du datatcenter}{section.3.5}% 36
\BOOKMARK [2][]{subsection.3.5.6}{Mise en production d'un serveur Hyper-V}{section.3.5}% 37
\BOOKMARK [2][]{subsection.3.5.7}{R\351sultats et enseignements}{section.3.5}% 38
\BOOKMARK [0][]{chapter.4}{Formation, comp\351tences et m\351tier}{}% 39
\BOOKMARK [1][]{section.4.1}{Vision du m\351tier de l'ing\351nieur}{chapter.4}% 40
\BOOKMARK [1][]{section.4.2}{M\351tier cible de la formation}{chapter.4}% 41
\BOOKMARK [1][]{section.4.3}{Progression au cours de la formation}{chapter.4}% 42
\BOOKMARK [1][]{section.4.4}{Comp\351tences et capacit\351s}{chapter.4}% 43
\BOOKMARK [1][]{section.4.5}{Mise en perspectives et limites}{chapter.4}% 44
\BOOKMARK [1][]{section.4.6}{Retour sur la formation par alternance}{chapter.4}% 45
\BOOKMARK [1][]{section.4.7}{Liens avec les enseignements}{chapter.4}% 46
\BOOKMARK [0][]{chapter.5}{International}{}% 47
\BOOKMARK [1][]{section.5.1}{Contexte de travail au quotidien}{chapter.5}% 48
\BOOKMARK [1][]{section.5.2}{\311cosse !!}{chapter.5}% 49
\BOOKMARK [0][]{chapter.6}{Conclusion}{}% 50
